CRITICAL - 2022-07-13 04:48:07 --> Invalid argument supplied for foreach()
in APPPATH\Views\user\home.php on line 69.
 1 APPPATH\Views\user\home.php(69): CodeIgniter\Debug\Exceptions->errorHandler(2, 'Invalid argument supplied for foreach()', 'APPPATH\\Views\\user\\home.php', 69, [])
 2 SYSTEMPATH\View\View.php(213): include('APPPATH\\Views\\user\\home.php')
 3 SYSTEMPATH\View\View.php(216): CodeIgniter\View\View->CodeIgniter\View\{closure}()
 4 SYSTEMPATH\Common.php(1135): CodeIgniter\View\View->render('user/home', [], true)
 5 APPPATH\Controllers\User.php(13): view('user/home')
 6 SYSTEMPATH\CodeIgniter.php(896): App\Controllers\User->index()
 7 SYSTEMPATH\CodeIgniter.php(466): CodeIgniter\CodeIgniter->runController(Object(App\Controllers\User))
 8 SYSTEMPATH\CodeIgniter.php(349): CodeIgniter\CodeIgniter->handleRequest(null, Object(Config\Cache), false)
 9 FCPATH\index.php(55): CodeIgniter\CodeIgniter->run()
10 SYSTEMPATH\Commands\Server\rewrite.php(43): require_once('FCPATH\\index.php')
ERROR - 2022-07-13 06:15:26 --> Column 'work_created_at' cannot be null
ERROR - 2022-07-13 06:15:42 --> Column 'work_created_at' cannot be null
ERROR - 2022-07-13 06:16:05 --> Column 'work_created_at' cannot be null
ERROR - 2022-07-13 06:17:29 --> Column 'work_created_at' cannot be null
ERROR - 2022-07-13 06:18:06 --> Column 'work_created_at' cannot be null
CRITICAL - 2022-07-13 06:38:49 --> Illegal string offset 'work_status'
in APPPATH\Views\user\home.php on line 114.
 1 APPPATH\Views\user\home.php(114): CodeIgniter\Debug\Exceptions->errorHandler(2, 'Illegal string offset \'work_status\'', 'APPPATH\\Views\\user\\home.php', 114, [...])
 2 SYSTEMPATH\View\View.php(213): include('APPPATH\\Views\\user\\home.php')
 3 SYSTEMPATH\View\View.php(216): CodeIgniter\View\View->CodeIgniter\View\{closure}()
 4 SYSTEMPATH\Common.php(1135): CodeIgniter\View\View->render('user/home', [], true)
 5 APPPATH\Controllers\User.php(33): view('user/home', [...])
 6 SYSTEMPATH\CodeIgniter.php(896): App\Controllers\User->index()
 7 SYSTEMPATH\CodeIgniter.php(466): CodeIgniter\CodeIgniter->runController(Object(App\Controllers\User))
 8 SYSTEMPATH\CodeIgniter.php(349): CodeIgniter\CodeIgniter->handleRequest(null, Object(Config\Cache), false)
 9 FCPATH\index.php(55): CodeIgniter\CodeIgniter->run()
10 SYSTEMPATH\Commands\Server\rewrite.php(43): require_once('FCPATH\\index.php')
CRITICAL - 2022-07-13 06:44:33 --> Call to undefined function Dateok()
in APPPATH\Views\user\home.php on line 105.
 1 SYSTEMPATH\View\View.php(213): include()
 2 SYSTEMPATH\View\View.php(216): CodeIgniter\View\View->CodeIgniter\View\{closure}()
 3 SYSTEMPATH\Common.php(1135): CodeIgniter\View\View->render('user/home', [], true)
 4 APPPATH\Controllers\User.php(33): view('user/home', [...])
 5 SYSTEMPATH\CodeIgniter.php(896): App\Controllers\User->index()
 6 SYSTEMPATH\CodeIgniter.php(466): CodeIgniter\CodeIgniter->runController(Object(App\Controllers\User))
 7 SYSTEMPATH\CodeIgniter.php(349): CodeIgniter\CodeIgniter->handleRequest(null, Object(Config\Cache), false)
 8 FCPATH\index.php(55): CodeIgniter\CodeIgniter->run()
 9 SYSTEMPATH\Commands\Server\rewrite.php(43): require_once('FCPATH\\index.php')
